<?xml version="1.0" encoding="UTF-8"?>
<!-- Generated by org.testng.reporters.JUnitReportReporter -->
<testsuite hostname="GirishN3-msd1" failures="0" tests="2" name="com.tests.dataDrivenTests" time="24.348" errors="0" timestamp="12 Apr 2019 15:39:20 GMT" skipped="0">
  <testcase classname="com.tests.dataDrivenTests" name="panDataTests" time="15.308"/>
  <testcase classname="com.tests.dataDrivenTests" name="panDataTests" time="9.040"/>
</testsuite> <!-- com.tests.dataDrivenTests -->
